<?xml version="1.0" encoding="UTF-8"?>
<beans xmlns="http://www.springframework.org/schema/beans"
        xmlns:xsi="http://www.w3.org/2001/XMLSchema-instance"
        xmlns:context="http://www.springframework.org/schema/context"
        xmlns:tx="http://www.springframework.org/schema/tx"
        xmlns:aop="http://www.springframework.org/schema/aop"
        xsi:schemaLocation="http://www.springframework.org/schema/beans http://www.springframework.org/schema/beans/spring-beans-4.0.xsd
                            http://www.springframework.org/schema/context http://www.springframework.org/schema/context/spring-context-4.0.xsd
                            http://www.springframework.org/schema/aop http://www.springframework.org/schema/aop/spring-aop-4.0.xsd
                            http://www.springframework.org/schema/tx  http://www.springframework.org/schema/tx/spring-tx-4.0.xsd">
 
	<context:component-scan base-package="org.greypowergaeservices.*" />
	<context:annotation-config />
	<tx:annotation-driven transaction-manager="transactionManager"/>

	<bean id="dataSource" class="org.springframework.jdbc.datasource.DriverManagerDataSource">
        <property name="driverClassName" value="${app.jdbc.driverClassName}" />
        <property name="url" value="${app.jdbc.url}"/>
        <property name="username" value="${app.jdbc.username}" />
        <property name="password" value="${app.jdbc.password}"/>
    </bean>

	<bean id="sessionFactory"
		class="org.springframework.orm.hibernate4.LocalSessionFactoryBean">
		<property name="dataSource" ref="dataSource"/>
		<property name="packagesToScan">
			<list>
				<value>org.greypowergaeservices.entities</value>
			</list>
		</property>
		<property name="hibernateProperties">
			<props>
<!-- 				<prop key="hibernate.dialect">org.hibernate.dialect.MySQLDialect</prop> -->
<!-- 				<prop key="hibernate.connection.driver_class">${app.jdbc.driverClassName}</prop> -->
<!-- 				<prop key="hibernate.connection.url">${app.jdbc.url}</prop> -->
<!-- 				<prop key="hibernate.connection.username">${app.jdbc.username}</prop> -->
<!-- 				<prop key="hibernate.connection.password">${app.jdbc.password}</prop> -->
				<!-- <prop key="hibernate.connection.driver_class">com.mysql.jdbc.Driver</prop> -->
				<!-- <prop key="hibernate.connection.url">jdbc:mysql://localhost:3306/environment</prop> -->
				<!-- <prop key="hibernate.connection.username">root</prop> -->
				<!-- <prop key="hibernate.connection.password">root</prop> -->
				<prop key="hibernate.show_sql">true</prop>
				<!-- -->
				<prop key="hibernate.hbm2ddl.auto">create</prop>
				<prop key="hibernate.current_session_context_class">thread</prop>
				<!-- <prop key="hibernate.hbm2ddl.import_files">org/greypowerservices/import.sql</prop> -->
			</props>
		</property>
	</bean>
	<bean id="transactionManager"
		class="org.springframework.orm.hibernate4.HibernateTransactionManager">
		<property name="sessionFactory" ref="sessionFactory" />
	</bean>
	
	 <bean id="persistenceExceptionTranslationPostProcessor"
        class="org.springframework.dao.annotation.PersistenceExceptionTranslationPostProcessor"/>
         
	
</beans>
