<?xml version="1.0" encoding="UTF-8"?>
<beans xmlns="http://www.springframework.org/schema/beans"
	xmlns:xsi="http://www.w3.org/2001/XMLSchema-instance" xmlns:context="http://www.springframework.org/schema/context"
	xmlns:p="http://www.springframework.org/schema/p" xmlns:mvc="http://www.springframework.org/schema/mvc"
	xsi:schemaLocation="http://www.springframework.org/schema/beans 
	   		http://www.springframework.org/schema/beans/spring-beans-3.1.xsd
	   		http://www.springframework.org/schema/context
	   		http://www.springframework.org/schema/context/spring-context-3.1.xsd
			http://www.springframework.org/schema/mvc 
			http://www.springframework.org/schema/mvc/spring-mvc-3.1.xsd">


	
	<bean id="sessionFactory"
		class="org.springframework.orm.hibernate3.annotation.AnnotationSessionFactoryBean">
		<property name="packagesToScan">
			<list>
				<value>org.greypowergaeservices.**.*</value>
			</list>
		</property>
		<property name="hibernateProperties">
			<props>
				<prop key="hibernate.dialect">org.hibernate.dialect.HSQLDialect</prop>
				<prop key="hibernate.connection.driver_class">org.hsqldb.jdbcDriver</prop>
				<prop key="hibernate.connection.url">jdbc:hsqldb:mem:greypower</prop>
				<prop key="hibernate.connection.username">sa</prop>
				<prop key="hibernate.connection.password"></prop>
				<!-- <prop key="hibernate.connection.driver_class">com.mysql.jdbc.Driver</prop> -->
				<!-- <prop key="hibernate.connection.url">jdbc:mysql://localhost:3306/environment</prop> -->
				<!-- <prop key="hibernate.connection.username">root</prop> -->
				<!-- <prop key="hibernate.connection.password">root</prop> -->
				<prop key="hibernate.show_sql">true</prop>
				<!-- -->
				<prop key="hibernate.hbm2ddl.auto">create</prop>
				<prop key="hibernate.connection.autocommit">true</prop>
				<prop key="hibernate.current_session_context_class">thread</prop>
<!-- 				<prop key="hibernate.hbm2ddl.import_files">org/greypowergaeservices/import.sql</prop> -->
			</props>
		</property>
	</bean>
	
	<bean id="transactionManager" class="org.springframework.orm.hibernate3.HibernateTransactionManager">
		<property name="sessionFactory" ref="sessionFactory"/>
	</bean>
</beans>
