<?xml version='1.0' encoding='utf-8'?>
<!DOCTYPE hibernate-configuration PUBLIC
        "-//Hibernate/Hibernate Configuration DTD 3.0//EN"
        "http://www.hibernate.org/dtd/hibernate-configuration-3.0.dtd">
<hibernate-configuration>
	<session-factory>
		<property name="dialect">org.hibernate.dialect.MySQLDialect</property>
		<property name="show_sql">true</property>
		<property name="packagesToScan">org.greypowergaeservices.entities</property>
		
		<property name="hbm2ddl.auto">create</property>
		<property name="import_files">org/greypowerservices/import.sql</property>

		<mapping class="org.greypowergaeservices.entities.ChemicalProduct"/>
		<mapping class="org.greypowergaeservices.entities.Product"/>
	</session-factory>
</hibernate-configuration>
